<?xml version="1.0" encoding="UTF-8"?>
<testng-results ignored="0" total="1" passed="1" failed="0" skipped="0">
  <reporter-output>
    <line>
      <![CDATA[GoodEvening]]>
    </line>
  </reporter-output>
  <suite started-at="2023-06-07T13:05:33Z" name="Suite" finished-at="2023-06-07T13:05:33Z" duration-ms="100">
    <groups>
    </groups>
    <test started-at="2023-06-07T13:05:33Z" name="Test" finished-at="2023-06-07T13:05:33Z" duration-ms="100">
      <class name="com.Mahi.testscripts.CreateCustomer">
        <test-method signature="testCreateCustomer()[pri:0, instance:com.Mahi.testscripts.CreateCustomer@78e4deb0]" started-at="2023-06-07T13:05:33Z" name="testCreateCustomer" finished-at="2023-06-07T13:05:33Z" duration-ms="32" status="PASS">
          <reporter-output>
            <line>
              <![CDATA[GoodEvening]]>
            </line>
          </reporter-output>
        </test-method> <!-- testCreateCustomer -->
      </class> <!-- com.Mahi.testscripts.CreateCustomer -->
    </test> <!-- Test -->
  </suite> <!-- Suite -->
</testng-results>
